#
# A fatal error has been detected by the Java Runtime Environment:
#
#  SIGSEGV (0xb) at pc=0x00007f7b1912f5ef, pid=28202, tid=0x00007f7b2fc10700
#
# JRE version: Java(TM) SE Runtime Environment (8.0_144-b01) (build 1.8.0_144-b01)
# Java VM: Java HotSpot(TM) 64-Bit Server VM (25.144-b01 mixed mode linux-amd64 compressed oops)
# Problematic frame:
# J 6746 C2 com.google.gwt.dev.js.DuplicateClinitRemover.isDuplicateCall(Lcom/google/gwt/dev/js/ast/JsExpression;)Z (40 bytes) @ 0x00007f7b1912f5ef [0x00007f7b1912f5c0+0x2f]
#
# Failed to write core dump. Core dumps have been disabled. To enable core dumping, try "ulimit -c unlimited" before starting Java again
#
# If you would like to submit a bug report, please visit:
#   http://bugreport.java.com/bugreport/crash.jsp
#

---------------  T H R E A D  ---------------

Current thread (0x00007f7b2800e000):  JavaThread "main" [_thread_in_Java, id=28203, stack(0x00007f7b2fb10000,0x00007f7b2fc11000)]

siginfo: si_signo: 11 (SIGSEGV), si_code: 1 (SEGV_MAPERR), si_addr: 0x0000000067968328

Registers:
RAX=0x0000000000000000, RBX=0x00007f7ac8e68c20, RCX=0x00000000f59e2718, RDX=0x0000000067968320
RSP=0x00007f7b2fc0de20, RBP=0x00000000e7967d88, RSI=0x00000000f59df6c8, RDI=0x00000000f59df6c8
R8 =0x000000000000083e, R9 =0x00000000f59e2718, R10=0x00000000f59df6c8, R11=0x000000002001da27
R12=0x0000000000000000, R13=0x0000000000000004, R14=0x00000000e6f65540, R15=0x00007f7b2800e000
RIP=0x00007f7b1912f5ef, EFLAGS=0x0000000000010202, CSGSFS=0x0000000000000033, ERR=0x0000000000000004
  TRAPNO=0x000000000000000e

Top of Stack: (sp=0x00007f7b2fc0de20)
0x00007f7b2fc0de20:   00000000f59e2300 00000000f59e24d8
0x00007f7b2fc0de30:   00000000e79671f0 00000000f59e1dc0
0x00007f7b2fc0de40:   00000000e7967930 00007f7b19ca1ea4
0x00007f7b2fc0de50:   00000000e7967d88 00007f7b19bfb224
0x00007f7b2fc0de60:   00000000f59e2300 00000000f59e24d8
0x00007f7b2fc0de70:   00000000f59e2300 00007f7b19ee60f4
0x00007f7b2fc0de80:   0000000000000001 00007f7b1984786c
0x00007f7b2fc0de90:   00000000e7967918 00007f7b19ed0520
0x00007f7b2fc0dea0:   00000000f59e2300 00000000f59e24c0
0x00007f7b2fc0deb0:   00000000e79678b8 00000000f59e2300
0x00007f7b2fc0dec0:   00000000f59e2470 00007f7b19ca1ea4
0x00007f7b2fc0ded0:   00000000e7967d68 00007f7b19bfb224
0x00007f7b2fc0dee0:   00000000f59e2300 00000000f59e24c0
0x00007f7b2fc0def0:   00000000f59e2300 00007f7b19ee60f4
0x00007f7b2fc0df00:   00000000e7967d88 00000000f59df6c8
0x00007f7b2fc0df10:   00000000f59e2718 00007f7b00000000
0x00007f7b2fc0df20:   00000000f59e2300 00000000f59e2470
0x00007f7b2fc0df30:   00000000f59e2318 00000000f59df6e0
0x00007f7b2fc0df40:   0000000000000000 00000000f59e02f8
0x00007f7b2fc0df50:   00000000e7967d48 00007f7b19bfb224
0x00007f7b2fc0df60:   00000000e7967d88 00007f7b19ca02d0
0x00007f7b2fc0df70:   00000000f59df6c8 00000000f59e2718
0x00007f7b2fc0df80:   00000000e7967d68 00000000f59df6c8
0x00007f7b2fc0df90:   00000000f59e2700 00007f7b00000000
0x00007f7b2fc0dfa0:   00000000e7967d88 00007f7b19922a2c
0x00007f7b2fc0dfb0:   00000000f59df6c8 00000000f59e2718
0x00007f7b2fc0dfc0:   00000000f59df6c8 00007f7b19ca03ec
0x00007f7b2fc0dfd0:   00000000e7967d28 00007f7b19bfb224
0x00007f7b2fc0dfe0:   00000000e7967d68 00007f7b19ca0310
0x00007f7b2fc0dff0:   00000000f59df6c8 00000000f59e2700
0x00007f7b2fc0e000:   00000000e7967d48 00000000f59df6c8
0x00007f7b2fc0e010:   00000000f59e26e8 00007f7b00000000 

Instructions: (pc=0x00007f7b1912f5ef)
0x00007f7b1912f5cf:   f1 ff 66 66 90 0f 1f 84 00 00 00 00 00 66 66 66
0x00007f7b1912f5df:   90 89 84 24 00 c0 fe ff 55 48 83 ec 30 4c 8b d6
0x00007f7b1912f5ef:   44 8b 5a 08 41 81 fb 8c de 01 20 0f 85 d7 01 00
0x00007f7b1912f5ff:   00 44 8b 5a 14 45 8b 4b 08 41 81 f9 26 98 01 20 

Register to memory mapping:

RAX=0x0000000000000000 is an unknown value
RBX=0x00007f7ac8e68c20 is pointing into metadata
RCX=0x00000000f59e2718 is an oop
com.google.gwt.dev.js.ast.JsModVisitor$NodeContext 
 - klass: 'com/google/gwt/dev/js/ast/JsModVisitor$NodeContext'
RDX=0x0000000067968320 is an unknown value
RSP=0x00007f7b2fc0de20 is pointing into the stack for thread: 0x00007f7b2800e000
RBP=0x00000000e7967d88 is an oop
com.google.gwt.dev.js.ast.JsBinaryOperation 
 - klass: 'com/google/gwt/dev/js/ast/JsBinaryOperation'
RSI=0x00000000f59df6c8 is an oop
com.google.gwt.dev.js.DuplicateClinitRemover 
 - klass: 'com/google/gwt/dev/js/DuplicateClinitRemover'
RDI=0x00000000f59df6c8 is an oop
com.google.gwt.dev.js.DuplicateClinitRemover 
 - klass: 'com/google/gwt/dev/js/DuplicateClinitRemover'
R8 =0x000000000000083e is an unknown value
R9 =0x00000000f59e2718 is an oop
com.google.gwt.dev.js.ast.JsModVisitor$NodeContext 
 - klass: 'com/google/gwt/dev/js/ast/JsModVisitor$NodeContext'
R10=0x00000000f59df6c8 is an oop
com.google.gwt.dev.js.DuplicateClinitRemover 
 - klass: 'com/google/gwt/dev/js/DuplicateClinitRemover'
R11=0x000000002001da27 is an unknown value
R12=0x0000000000000000 is an unknown value
R13=0x0000000000000004 is an unknown value
R14=0x00000000e6f65540 is an oop
com.google.gwt.dev.js.ast.JsBlock 
 - klass: 'com/google/gwt/dev/js/ast/JsBlock'
R15=0x00007f7b2800e000 is a thread


Stack: [0x00007f7b2fb10000,0x00007f7b2fc11000],  sp=0x00007f7b2fc0de20,  free space=1015k
Native frames: (J=compiled Java code, j=interpreted, Vv=VM code, C=native code)
J 6746 C2 com.google.gwt.dev.js.DuplicateClinitRemover.isDuplicateCall(Lcom/google/gwt/dev/js/ast/JsExpression;)Z (40 bytes) @ 0x00007f7b1912f5ef [0x00007f7b1912f5c0+0x2f]
J 6734 C1 com.google.gwt.dev.js.DuplicateClinitRemover.visit(Lcom/google/gwt/dev/js/ast/JsBinaryOperation;Lcom/google/gwt/dev/js/ast/JsContext;)Z (170 bytes) @ 0x00007f7b19bfb224 [0x00007f7b19bfaf40+0x2e4]
J 6729 C2 com.google.gwt.dev.js.ast.JsBinaryOperation.traverse(Lcom/google/gwt/dev/js/ast/JsVisitor;Lcom/google/gwt/dev/js/ast/JsContext;)V (71 bytes) @ 0x00007f7b19ca02d0 [0x00007f7b19ca0280+0x50]
J 5763 C2 com.google.gwt.dev.js.ast.JsModVisitor.doAccept(Lcom/google/gwt/dev/js/ast/JsVisitable;)Lcom/google/gwt/dev/js/ast/JsVisitable; (14 bytes) @ 0x00007f7b19922a2c [0x00007f7b19922940+0xec]
J 6729 C2 com.google.gwt.dev.js.ast.JsBinaryOperation.traverse(Lcom/google/gwt/dev/js/ast/JsVisitor;Lcom/google/gwt/dev/js/ast/JsContext;)V (71 bytes) @ 0x00007f7b19ca0310 [0x00007f7b19ca0280+0x90]
J 5763 C2 com.google.gwt.dev.js.ast.JsModVisitor.doAccept(Lcom/google/gwt/dev/js/ast/JsVisitable;)Lcom/google/gwt/dev/js/ast/JsVisitable; (14 bytes) @ 0x00007f7b19922a2c [0x00007f7b19922940+0xec]
J 6729 C2 com.google.gwt.dev.js.ast.JsBinaryOperation.traverse(Lcom/google/gwt/dev/js/ast/JsVisitor;Lcom/google/gwt/dev/js/ast/JsContext;)V (71 bytes) @ 0x00007f7b19ca0310 [0x00007f7b19ca0280+0x90]
J 5763 C2 com.google.gwt.dev.js.ast.JsModVisitor.doAccept(Lcom/google/gwt/dev/js/ast/JsVisitable;)Lcom/google/gwt/dev/js/ast/JsVisitable; (14 bytes) @ 0x00007f7b19922a2c [0x00007f7b19922940+0xec]
J 6729 C2 com.google.gwt.dev.js.ast.JsBinaryOperation.traverse(Lcom/google/gwt/dev/js/ast/JsVisitor;Lcom/google/gwt/dev/js/ast/JsContext;)V (71 bytes) @ 0x00007f7b19ca0310 [0x00007f7b19ca0280+0x90]
J 5763 C2 com.google.gwt.dev.js.ast.JsModVisitor.doAccept(Lcom/google/gwt/dev/js/ast/JsVisitable;)Lcom/google/gwt/dev/js/ast/JsVisitable; (14 bytes) @ 0x00007f7b19922a2c [0x00007f7b19922940+0xec]
J 6729 C2 com.google.gwt.dev.js.ast.JsBinaryOperation.traverse(Lcom/google/gwt/dev/js/ast/JsVisitor;Lcom/google/gwt/dev/js/ast/JsContext;)V (71 bytes) @ 0x00007f7b19ca0310 [0x00007f7b19ca0280+0x90]
J 5763 C2 com.google.gwt.dev.js.ast.JsModVisitor.doAccept(Lcom/google/gwt/dev/js/ast/JsVisitable;)Lcom/google/gwt/dev/js/ast/JsVisitable; (14 bytes) @ 0x00007f7b19922a2c [0x00007f7b19922940+0xec]
J 6729 C2 com.google.gwt.dev.js.ast.JsBinaryOperation.traverse(Lcom/google/gwt/dev/js/ast/JsVisitor;Lcom/google/gwt/dev/js/ast/JsContext;)V (71 bytes) @ 0x00007f7b19ca0310 [0x00007f7b19ca0280+0x90]
J 5763 C2 com.google.gwt.dev.js.ast.JsModVisitor.doAccept(Lcom/google/gwt/dev/js/ast/JsVisitable;)Lcom/google/gwt/dev/js/ast/JsVisitable; (14 bytes) @ 0x00007f7b19922a2c [0x00007f7b19922940+0xec]
J 6729 C2 com.google.gwt.dev.js.ast.JsBinaryOperation.traverse(Lcom/google/gwt/dev/js/ast/JsVisitor;Lcom/google/gwt/dev/js/ast/JsContext;)V (71 bytes) @ 0x00007f7b19ca0310 [0x00007f7b19ca0280+0x90]
J 5763 C2 com.google.gwt.dev.js.ast.JsModVisitor.doAccept(Lcom/google/gwt/dev/js/ast/JsVisitable;)Lcom/google/gwt/dev/js/ast/JsVisitable; (14 bytes) @ 0x00007f7b19922a2c [0x00007f7b19922940+0xec]
J 6729 C2 com.google.gwt.dev.js.ast.JsBinaryOperation.traverse(Lcom/google/gwt/dev/js/ast/JsVisitor;Lcom/google/gwt/dev/js/ast/JsContext;)V (71 bytes) @ 0x00007f7b19ca0310 [0x00007f7b19ca0280+0x90]
J 5763 C2 com.google.gwt.dev.js.ast.JsModVisitor.doAccept(Lcom/google/gwt/dev/js/ast/JsVisitable;)Lcom/google/gwt/dev/js/ast/JsVisitable; (14 bytes) @ 0x00007f7b19922a2c [0x00007f7b19922940+0xec]
J 6729 C2 com.google.gwt.dev.js.ast.JsBinaryOperation.traverse(Lcom/google/gwt/dev/js/ast/JsVisitor;Lcom/google/gwt/dev/js/ast/JsContext;)V (71 bytes) @ 0x00007f7b19ca0310 [0x00007f7b19ca0280+0x90]
J 5763 C2 com.google.gwt.dev.js.ast.JsModVisitor.doAccept(Lcom/google/gwt/dev/js/ast/JsVisitable;)Lcom/google/gwt/dev/js/ast/JsVisitable; (14 bytes) @ 0x00007f7b19922a2c [0x00007f7b19922940+0xec]
J 6729 C2 com.google.gwt.dev.js.ast.JsBinaryOperation.traverse(Lcom/google/gwt/dev/js/ast/JsVisitor;Lcom/google/gwt/dev/js/ast/JsContext;)V (71 bytes) @ 0x00007f7b19ca0310 [0x00007f7b19ca0280+0x90]
J 6225 C2 com.google.gwt.dev.js.ast.JsModVisitor.doAcceptList(Ljava/util/List;)V (67 bytes) @ 0x00007f7b19e76fe0 [0x00007f7b19e76e60+0x180]
J 6207 C2 com.google.gwt.dev.js.ast.JsInvocation.traverse(Lcom/google/gwt/dev/js/ast/JsVisitor;Lcom/google/gwt/dev/js/ast/JsContext;)V (39 bytes) @ 0x00007f7b19e68e50 [0x00007f7b19e68d80+0xd0]
J 5763 C2 com.google.gwt.dev.js.ast.JsModVisitor.doAccept(Lcom/google/gwt/dev/js/ast/JsVisitable;)Lcom/google/gwt/dev/js/ast/JsVisitable; (14 bytes) @ 0x00007f7b19922a2c [0x00007f7b19922940+0xec]
J 6729 C2 com.google.gwt.dev.js.ast.JsBinaryOperation.traverse(Lcom/google/gwt/dev/js/ast/JsVisitor;Lcom/google/gwt/dev/js/ast/JsContext;)V (71 bytes) @ 0x00007f7b19ca0398 [0x00007f7b19ca0280+0x118]
J 5763 C2 com.google.gwt.dev.js.ast.JsModVisitor.doAccept(Lcom/google/gwt/dev/js/ast/JsVisitable;)Lcom/google/gwt/dev/js/ast/JsVisitable; (14 bytes) @ 0x00007f7b19922a2c [0x00007f7b19922940+0xec]
J 6729 C2 com.google.gwt.dev.js.ast.JsBinaryOperation.traverse(Lcom/google/gwt/dev/js/ast/JsVisitor;Lcom/google/gwt/dev/js/ast/JsContext;)V (71 bytes) @ 0x00007f7b19ca0310 [0x00007f7b19ca0280+0x90]
J 5763 C2 com.google.gwt.dev.js.ast.JsModVisitor.doAccept(Lcom/google/gwt/dev/js/ast/JsVisitable;)Lcom/google/gwt/dev/js/ast/JsVisitable; (14 bytes) @ 0x00007f7b19922a2c [0x00007f7b19922940+0xec]
J 6729 C2 com.google.gwt.dev.js.ast.JsBinaryOperation.traverse(Lcom/google/gwt/dev/js/ast/JsVisitor;Lcom/google/gwt/dev/js/ast/JsContext;)V (71 bytes) @ 0x00007f7b19ca0310 [0x00007f7b19ca0280+0x90]
J 5763 C2 com.google.gwt.dev.js.ast.JsModVisitor.doAccept(Lcom/google/gwt/dev/js/ast/JsVisitable;)Lcom/google/gwt/dev/js/ast/JsVisitable; (14 bytes) @ 0x00007f7b19922a2c [0x00007f7b19922940+0xec]
J 6729 C2 com.google.gwt.dev.js.ast.JsBinaryOperation.traverse(Lcom/google/gwt/dev/js/ast/JsVisitor;Lcom/google/gwt/dev/js/ast/JsContext;)V (71 bytes) @ 0x00007f7b19ca0310 [0x00007f7b19ca0280+0x90]
J 5763 C2 com.google.gwt.dev.js.ast.JsModVisitor.doAccept(Lcom/google/gwt/dev/js/ast/JsVisitable;)Lcom/google/gwt/dev/js/ast/JsVisitable; (14 bytes) @ 0x00007f7b19922a2c [0x00007f7b19922940+0xec]
J 6729 C2 com.google.gwt.dev.js.ast.JsBinaryOperation.traverse(Lcom/google/gwt/dev/js/ast/JsVisitor;Lcom/google/gwt/dev/js/ast/JsContext;)V (71 bytes) @ 0x00007f7b19ca0310 [0x00007f7b19ca0280+0x90]
J 5763 C2 com.google.gwt.dev.js.ast.JsModVisitor.doAccept(Lcom/google/gwt/dev/js/ast/JsVisitable;)Lcom/google/gwt/dev/js/ast/JsVisitable; (14 bytes) @ 0x00007f7b19922a2c [0x00007f7b19922940+0xec]
J 6729 C2 com.google.gwt.dev.js.ast.JsBinaryOperation.traverse(Lcom/google/gwt/dev/js/ast/JsVisitor;Lcom/google/gwt/dev/js/ast/JsContext;)V (71 bytes) @ 0x00007f7b19ca0310 [0x00007f7b19ca0280+0x90]
J 5763 C2 com.google.gwt.dev.js.ast.JsModVisitor.doAccept(Lcom/google/gwt/dev/js/ast/JsVisitable;)Lcom/google/gwt/dev/js/ast/JsVisitable; (14 bytes) @ 0x00007f7b19922a2c [0x00007f7b19922940+0xec]
J 6729 C2 com.google.gwt.dev.js.ast.JsBinaryOperation.traverse(Lcom/google/gwt/dev/js/ast/JsVisitor;Lcom/google/gwt/dev/js/ast/JsContext;)V (71 bytes) @ 0x00007f7b19ca0310 [0x00007f7b19ca0280+0x90]
J 5763 C2 com.google.gwt.dev.js.ast.JsModVisitor.doAccept(Lcom/google/gwt/dev/js/ast/JsVisitable;)Lcom/google/gwt/dev/js/ast/JsVisitable; (14 bytes) @ 0x00007f7b19922a2c [0x00007f7b19922940+0xec]
J 6729 C2 com.google.gwt.dev.js.ast.JsBinaryOperation.traverse(Lcom/google/gwt/dev/js/ast/JsVisitor;Lcom/google/gwt/dev/js/ast/JsContext;)V (71 bytes) @ 0x00007f7b19ca0310 [0x00007f7b19ca0280+0x90]
J 5763 C2 com.google.gwt.dev.js.ast.JsModVisitor.doAccept(Lcom/google/gwt/dev/js/ast/JsVisitable;)Lcom/google/gwt/dev/js/ast/JsVisitable; (14 bytes) @ 0x00007f7b19922a2c [0x00007f7b19922940+0xec]
J 6729 C2 com.google.gwt.dev.js.ast.JsBinaryOperation.traverse(Lcom/google/gwt/dev/js/ast/JsVisitor;Lcom/google/gwt/dev/js/ast/JsContext;)V (71 bytes) @ 0x00007f7b19ca0310 [0x00007f7b19ca0280+0x90]
J 5763 C2 com.google.gwt.dev.js.ast.JsModVisitor.doAccept(Lcom/google/gwt/dev/js/ast/JsVisitable;)Lcom/google/gwt/dev/js/ast/JsVisitable; (14 bytes) @ 0x00007f7b19922a2c [0x00007f7b19922940+0xec]
J 6729 C2 com.google.gwt.dev.js.ast.JsBinaryOperation.traverse(Lcom/google/gwt/dev/js/ast/JsVisitor;Lcom/google/gwt/dev/js/ast/JsContext;)V (71 bytes) @ 0x00007f7b19ca0310 [0x00007f7b19ca0280+0x90]
J 5763 C2 com.google.gwt.dev.js.ast.JsModVisitor.doAccept(Lcom/google/gwt/dev/js/ast/JsVisitable;)Lcom/google/gwt/dev/js/ast/JsVisitable; (14 bytes) @ 0x00007f7b19922a2c [0x00007f7b19922940+0xec]
J 6729 C2 com.google.gwt.dev.js.ast.JsBinaryOperation.traverse(Lcom/google/gwt/dev/js/ast/JsVisitor;Lcom/google/gwt/dev/js/ast/JsContext;)V (71 bytes) @ 0x00007f7b19ca0310 [0x00007f7b19ca0280+0x90]
J 6225 C2 com.google.gwt.dev.js.ast.JsModVisitor.doAcceptList(Ljava/util/List;)V (67 bytes) @ 0x00007f7b19e76fe0 [0x00007f7b19e76e60+0x180]
J 6207 C2 com.google.gwt.dev.js.ast.JsInvocation.traverse(Lcom/google/gwt/dev/js/ast/JsVisitor;Lcom/google/gwt/dev/js/ast/JsContext;)V (39 bytes) @ 0x00007f7b19e68e50 [0x00007f7b19e68d80+0xd0]
J 5763 C2 com.google.gwt.dev.js.ast.JsModVisitor.doAccept(Lcom/google/gwt/dev/js/ast/JsVisitable;)Lcom/google/gwt/dev/js/ast/JsVisitable; (14 bytes) @ 0x00007f7b19922a2c [0x00007f7b19922940+0xec]
J 6729 C2 com.google.gwt.dev.js.ast.JsBinaryOperation.traverse(Lcom/google/gwt/dev/js/ast/JsVisitor;Lcom/google/gwt/dev/js/ast/JsContext;)V (71 bytes) @ 0x00007f7b19ca0398 [0x00007f7b19ca0280+0x118]
J 5763 C2 com.google.gwt.dev.js.ast.JsModVisitor.doAccept(Lcom/google/gwt/dev/js/ast/JsVisitable;)Lcom/google/gwt/dev/js/ast/JsVisitable; (14 bytes) @ 0x00007f7b19922a2c [0x00007f7b19922940+0xec]
J 6729 C2 com.google.gwt.dev.js.ast.JsBinaryOperation.traverse(Lcom/google/gwt/dev/js/ast/JsVisitor;Lcom/google/gwt/dev/js/ast/JsContext;)V (71 bytes) @ 0x00007f7b19ca0310 [0x00007f7b19ca0280+0x90]
J 6225 C2 com.google.gwt.dev.js.ast.JsModVisitor.doAcceptList(Ljava/util/List;)V (67 bytes) @ 0x00007f7b19e76fe0 [0x00007f7b19e76e60+0x180]
J 6207 C2 com.google.gwt.dev.js.ast.JsInvocation.traverse(Lcom/google/gwt/dev/js/ast/JsVisitor;Lcom/google/gwt/dev/js/ast/JsContext;)V (39 bytes) @ 0x00007f7b19e68e50 [0x00007f7b19e68d80+0xd0]
J 5763 C2 com.google.gwt.dev.js.ast.JsModVisitor.doAccept(Lcom/google/gwt/dev/js/ast/JsVisitable;)Lcom/google/gwt/dev/js/ast/JsVisitable; (14 bytes) @ 0x00007f7b19922a2c [0x00007f7b19922940+0xec]
J 6755 C2 com.google.gwt.dev.js.ast.JsExprStmt.traverse(Lcom/google/gwt/dev/js/ast/JsVisitor;Lcom/google/gwt/dev/js/ast/JsContext;)V (31 bytes) @ 0x00007f7b1912ec10 [0x00007f7b1912eba0+0x70]
J 6220 C2 com.google.gwt.dev.js.ast.JsModVisitor$ListContext.traverse(Ljava/util/List;)V (68 bytes) @ 0x00007f7b19e80a38 [0x00007f7b19e80940+0xf8]
J 6742 C1 com.google.gwt.dev.js.DuplicateClinitRemover.visit(Lcom/google/gwt/dev/js/ast/JsBlock;Lcom/google/gwt/dev/js/ast/JsContext;)Z (10 bytes) @ 0x00007f7b19bbf574 [0x00007f7b19bbef20+0x654]
J 6295 C2 com.google.gwt.dev.js.ast.JsBlock.traverse(Lcom/google/gwt/dev/js/ast/JsVisitor;Lcom/google/gwt/dev/js/ast/JsContext;)V (24 bytes) @ 0x00007f7b19e9fcb0 [0x00007f7b19e9fc60+0x50]
J 5763 C2 com.google.gwt.dev.js.ast.JsModVisitor.doAccept(Lcom/google/gwt/dev/js/ast/JsVisitable;)Lcom/google/gwt/dev/js/ast/JsVisitable; (14 bytes) @ 0x00007f7b19922a2c [0x00007f7b19922940+0xec]
J 6267 C2 com.google.gwt.dev.js.ast.JsFunction.traverse(Lcom/google/gwt/dev/js/ast/JsVisitor;Lcom/google/gwt/dev/js/ast/JsContext;)V (39 bytes) @ 0x00007f7b19eaa238 [0x00007f7b19ea9bc0+0x678]
J 5763 C2 com.google.gwt.dev.js.ast.JsModVisitor.doAccept(Lcom/google/gwt/dev/js/ast/JsVisitable;)Lcom/google/gwt/dev/js/ast/JsVisitable; (14 bytes) @ 0x00007f7b19922a2c [0x00007f7b19922940+0xec]
J 6755 C2 com.google.gwt.dev.js.ast.JsExprStmt.traverse(Lcom/google/gwt/dev/js/ast/JsVisitor;Lcom/google/gwt/dev/js/ast/JsContext;)V (31 bytes) @ 0x00007f7b1912ec10 [0x00007f7b1912eba0+0x70]
J 6227 C2 com.google.gwt.dev.js.ast.JsModVisitor.doAcceptWithInsertRemove(Ljava/util/List;)V (14 bytes) @ 0x00007f7b19e87ef4 [0x00007f7b19e87da0+0x154]
J 5133 C2 com.google.gwt.dev.js.ast.JsVisitor.acceptWithInsertRemove(Ljava/util/List;)V (6 bytes) @ 0x00007f7b198864a0 [0x00007f7b19886320+0x180]
j  com.google.gwt.dev.js.DuplicateClinitRemover.branch(Ljava/util/List;)V+18
j  com.google.gwt.dev.js.DuplicateClinitRemover.visit(Lcom/google/gwt/dev/js/ast/JsBlock;Lcom/google/gwt/dev/js/ast/JsContext;)Z+5
J 6295 C2 com.google.gwt.dev.js.ast.JsBlock.traverse(Lcom/google/gwt/dev/js/ast/JsVisitor;Lcom/google/gwt/dev/js/ast/JsContext;)V (24 bytes) @ 0x00007f7b19e9fcb0 [0x00007f7b19e9fc60+0x50]
J 5763 C2 com.google.gwt.dev.js.ast.JsModVisitor.doAccept(Lcom/google/gwt/dev/js/ast/JsVisitable;)Lcom/google/gwt/dev/js/ast/JsVisitable; (14 bytes) @ 0x00007f7b19922a2c [0x00007f7b19922940+0xec]
J 5979 C2 com.google.gwt.dev.js.ast.JsVisitor.accept(Lcom/google/gwt/dev/js/ast/JsVisitable;)Lcom/google/gwt/dev/js/ast/JsVisitable; (6 bytes) @ 0x00007f7b192c2d5c [0x00007f7b192c2d20+0x3c]
j  com.google.gwt.dev.js.ast.JsProgramFragment.traverse(Lcom/google/gwt/dev/js/ast/JsVisitor;Lcom/google/gwt/dev/js/ast/JsContext;)V+14
J 5763 C2 com.google.gwt.dev.js.ast.JsModVisitor.doAccept(Lcom/google/gwt/dev/js/ast/JsVisitable;)Lcom/google/gwt/dev/js/ast/JsVisitable; (14 bytes) @ 0x00007f7b19922a2c [0x00007f7b19922940+0xec]
J 5979 C2 com.google.gwt.dev.js.ast.JsVisitor.accept(Lcom/google/gwt/dev/js/ast/JsVisitable;)Lcom/google/gwt/dev/js/ast/JsVisitable; (6 bytes) @ 0x00007f7b192c2d5c [0x00007f7b192c2d20+0x3c]
j  com.google.gwt.dev.js.ast.JsProgram.traverse(Lcom/google/gwt/dev/js/ast/JsVisitor;Lcom/google/gwt/dev/js/ast/JsContext;)V+37
J 5763 C2 com.google.gwt.dev.js.ast.JsModVisitor.doAccept(Lcom/google/gwt/dev/js/ast/JsVisitable;)Lcom/google/gwt/dev/js/ast/JsVisitable; (14 bytes) @ 0x00007f7b19922a2c [0x00007f7b19922940+0xec]
J 5979 C2 com.google.gwt.dev.js.ast.JsVisitor.accept(Lcom/google/gwt/dev/js/ast/JsVisitable;)Lcom/google/gwt/dev/js/ast/JsVisitable; (6 bytes) @ 0x00007f7b192c2d5c [0x00007f7b192c2d20+0x3c]
j  com.google.gwt.dev.js.DuplicateClinitRemover.execImpl(Lcom/google/gwt/dev/js/ast/JsProgram;)Lcom/google/gwt/dev/jjs/impl/OptimizerStats;+22
j  com.google.gwt.dev.js.DuplicateClinitRemover.exec(Lcom/google/gwt/dev/js/ast/JsProgram;)Lcom/google/gwt/dev/jjs/impl/OptimizerStats;+23
j  com.google.gwt.dev.jjs.JavaToJavaScriptCompiler.optimizeJsLoop(Ljava/util/Collection;)V+165
j  com.google.gwt.dev.jjs.JavaToJavaScriptCompiler.optimizeJs(Ljava/util/Set;)V+9
j  com.google.gwt.dev.jjs.JavaToJavaScriptCompiler.compilePermutation(Lcom/google/gwt/dev/Permutation;Lcom/google/gwt/dev/jjs/UnifiedAst;)Lcom/google/gwt/dev/jjs/PermutationResult;+403
j  com.google.gwt.dev.jjs.JavaToJavaScriptCompiler.compilePermutation(Lcom/google/gwt/dev/jjs/UnifiedAst;Lcom/google/gwt/core/ext/TreeLogger;Lcom/google/gwt/dev/CompilerContext;Lcom/google/gwt/dev/Permutation;)Lcom/google/gwt/dev/jjs/PermutationResult;+15
j  com.google.gwt.dev.CompilePerms.compile(Lcom/google/gwt/core/ext/TreeLogger;Lcom/google/gwt/dev/CompilerContext;Lcom/google/gwt/dev/Permutation;Lcom/google/gwt/dev/jjs/UnifiedAst;)Lcom/google/gwt/dev/jjs/PermutationResult;+4
j  com.google.gwt.dev.CompilePermsServer.compilePermutation(Lcom/google/gwt/core/ext/TreeLogger;Lcom/google/gwt/dev/jjs/UnifiedAst;Ljava/io/ObjectInputStream;Ljava/io/ObjectOutputStream;)V+67
j  com.google.gwt.dev.CompilePermsServer.run(Lcom/google/gwt/dev/CompilePermsServer$CompileServerOptions;Lcom/google/gwt/core/ext/TreeLogger;)Z+163
j  com.google.gwt.dev.CompilePermsServer.main([Ljava/lang/String;)V+45
v  ~StubRoutines::call_stub
V  [libjvm.so+0x693e96]  JavaCalls::call_helper(JavaValue*, methodHandle*, JavaCallArguments*, Thread*)+0x1056
V  [libjvm.so+0x6d52b2]  jni_invoke_static(JNIEnv_*, JavaValue*, _jobject*, JNICallType, _jmethodID*, JNI_ArgumentPusher*, Thread*)+0x362
V  [libjvm.so+0x6f1b1a]  jni_CallStaticVoidMethod+0x17a
C  [libjli.so+0x7bdf]  JavaMain+0x81f
C  [libpthread.so.0+0x76ba]  start_thread+0xca


---------------  P R O C E S S  ---------------

Java Threads: ( => current thread )
  0x00007f7b280d7800 JavaThread "Service Thread" daemon [_thread_blocked, id=28243, stack(0x00007f7b10a07000,0x00007f7b10b08000)]
  0x00007f7b280cc800 JavaThread "C1 CompilerThread3" daemon [_thread_blocked, id=28242, stack(0x00007f7b10b08000,0x00007f7b10c09000)]
  0x00007f7b280ca800 JavaThread "C2 CompilerThread2" daemon [_thread_in_native, id=28241, stack(0x00007f7b10c09000,0x00007f7b10d0a000)]
  0x00007f7b280c8800 JavaThread "C2 CompilerThread1" daemon [_thread_in_native, id=28240, stack(0x00007f7b10d0a000,0x00007f7b10e0b000)]
  0x00007f7b280c5800 JavaThread "C2 CompilerThread0" daemon [_thread_in_native, id=28239, stack(0x00007f7b10e0b000,0x00007f7b10f0c000)]
  0x00007f7b280c1800 JavaThread "Signal Dispatcher" daemon [_thread_blocked, id=28238, stack(0x00007f7b10f0c000,0x00007f7b1100d000)]
  0x00007f7b28090000 JavaThread "Finalizer" daemon [_thread_blocked, id=28234, stack(0x00007f7b11461000,0x00007f7b11562000)]
  0x00007f7b2808b800 JavaThread "Reference Handler" daemon [_thread_blocked, id=28232, stack(0x00007f7b11562000,0x00007f7b11663000)]
=>0x00007f7b2800e000 JavaThread "main" [_thread_in_Java, id=28203, stack(0x00007f7b2fb10000,0x00007f7b2fc11000)]

Other Threads:
  0x00007f7b28084000 VMThread [stack: 0x00007f7b11663000,0x00007f7b11764000] [id=28231]
  0x00007f7b280da800 WatcherThread [stack: 0x00007f7b10906000,0x00007f7b10a07000] [id=28244]

VM state:not at safepoint (normal execution)

VM Mutex/Monitor currently owned by a thread: None

Heap:
 PSYoungGen      total 134144K, used 6284K [0x00000000f5580000, 0x00000000ffe80000, 0x0000000100000000)
  eden space 97280K, 6% used [0x00000000f5580000,0x00000000f5b333a0,0x00000000fb480000)
  from space 36864K, 1% used [0x00000000fb480000,0x00000000fb4f0000,0x00000000fd880000)
  to   space 35328K, 0% used [0x00000000fdc00000,0x00000000fdc00000,0x00000000ffe80000)
 ParOldGen       total 172032K, used 124987K [0x00000000e0000000, 0x00000000ea800000, 0x00000000f5580000)
  object space 172032K, 72% used [0x00000000e0000000,0x00000000e7a0ee48,0x00000000ea800000)
 Metaspace       used 13906K, capacity 14538K, committed 14720K, reserved 1062912K
  class space    used 1641K, capacity 1803K, committed 1920K, reserved 1048576K

Card table byte_map: [0x00007f7b2c7b4000,0x00007f7b2c8b5000] byte_map_base: 0x00007f7b2c0b4000

Marking Bits: (ParMarkBitMap*) 0x00007f7b2efe5dc0
 Begin Bits: [0x00007f7b13000000, 0x00007f7b13800000)
 End Bits:   [0x00007f7b13800000, 0x00007f7b14000000)

Polling page: 0x00007f7b2fc36000

CodeCache: size=245760Kb used=15248Kb max_used=15261Kb free=230511Kb
 bounds [0x00007f7b19000000, 0x00007f7b19f20000, 0x00007f7b28000000]
 total_blobs=4969 nmethods=4663 adapters=215
 compilation: enabled

Compilation events (10 events):
Event: 35,393 Thread 0x00007f7b280cc800 nmethod 6753 0x00007f7b19131e90 code [0x00007f7b191320c0, 0x00007f7b19133268]
Event: 35,393 Thread 0x00007f7b280cc800 6754       1       com.google.gwt.dev.js.ast.JsFor::getBody (5 bytes)
Event: 35,393 Thread 0x00007f7b280cc800 nmethod 6754 0x00007f7b19131bd0 code [0x00007f7b19131d20, 0x00007f7b19131e30]
Event: 35,395 Thread 0x00007f7b280ca800 nmethod 6755 0x00007f7b1912ea50 code [0x00007f7b1912eba0, 0x00007f7b1912ecd8]
Event: 35,395 Thread 0x00007f7b280ca800 6756       4       com.google.gwt.dev.js.DuplicateClinitRemover::visit (170 bytes)
Event: 35,396 Thread 0x00007f7b280cc800 6758       1       com.google.gwt.dev.js.ast.JsCase::getCaseExpr (5 bytes)
Event: 35,396 Thread 0x00007f7b280cc800 nmethod 6758 0x00007f7b1912e790 code [0x00007f7b1912e8e0, 0x00007f7b1912e9f0]
Event: 35,409 Thread 0x00007f7b280c8800 nmethod 6746 0x00007f7b1912f410 code [0x00007f7b1912f5c0, 0x00007f7b1912fa88]
Event: 35,409 Thread 0x00007f7b280c8800 6760       4       com.google.gwt.dev.js.DuplicateClinitRemover::visit (30 bytes)
Event: 35,411 Thread 0x00007f7b280cc800 6761       3       com.google.gwt.dev.js.DuplicateClinitRemover::visit (108 bytes)

GC Heap History (10 events):
Event: 28,946 GC heap before
{Heap before GC invocations=17 (full 0):
 PSYoungGen      total 126464K, used 85024K [0x00000000f5580000, 0x00000000ffb80000, 0x0000000100000000)
  eden space 84992K, 100% used [0x00000000f5580000,0x00000000fa880000,0x00000000fa880000)
  from space 41472K, 0% used [0x00000000fd300000,0x00000000fd308000,0x00000000ffb80000)
  to   space 42496K, 0% used [0x00000000fa880000,0x00000000fa880000,0x00000000fd200000)
 ParOldGen       total 172032K, used 105622K [0x00000000e0000000, 0x00000000ea800000, 0x00000000f5580000)
  object space 172032K, 61% used [0x00000000e0000000,0x00000000e6725ad0,0x00000000ea800000)
 Metaspace       used 12238K, capacity 12810K, committed 12928K, reserved 1060864K
  class space    used 1473K, capacity 1611K, committed 1664K, reserved 1048576K
Event: 28,964 GC heap after
Heap after GC invocations=17 (full 0):
 PSYoungGen      total 127488K, used 320K [0x00000000f5580000, 0x00000000ffe00000, 0x0000000100000000)
  eden space 84992K, 0% used [0x00000000f5580000,0x00000000f5580000,0x00000000fa880000)
  from space 42496K, 0% used [0x00000000fa880000,0x00000000fa8d0000,0x00000000fd200000)
  to   space 40960K, 0% used [0x00000000fd600000,0x00000000fd600000,0x00000000ffe00000)
 ParOldGen       total 172032K, used 105646K [0x00000000e0000000, 0x00000000ea800000, 0x00000000f5580000)
  object space 172032K, 61% used [0x00000000e0000000,0x00000000e672bad0,0x00000000ea800000)
 Metaspace       used 12238K, capacity 12810K, committed 12928K, reserved 1060864K
  class space    used 1473K, capacity 1611K, committed 1664K, reserved 1048576K
}
Event: 30,664 GC heap before
{Heap before GC invocations=18 (full 0):
 PSYoungGen      total 127488K, used 85312K [0x00000000f5580000, 0x00000000ffe00000, 0x0000000100000000)
  eden space 84992K, 100% used [0x00000000f5580000,0x00000000fa880000,0x00000000fa880000)
  from space 42496K, 0% used [0x00000000fa880000,0x00000000fa8d0000,0x00000000fd200000)
  to   space 40960K, 0% used [0x00000000fd600000,0x00000000fd600000,0x00000000ffe00000)
 ParOldGen       total 172032K, used 105646K [0x00000000e0000000, 0x00000000ea800000, 0x00000000f5580000)
  object space 172032K, 61% used [0x00000000e0000000,0x00000000e672bad0,0x00000000ea800000)
 Metaspace       used 12731K, capacity 13354K, committed 13568K, reserved 1060864K
  class space    used 1549K, capacity 1707K, committed 1792K, reserved 1048576K
Event: 30,737 GC heap after
Heap after GC invocations=18 (full 0):
 PSYoungGen      total 127488K, used 2232K [0x00000000f5580000, 0x00000000ff980000, 0x0000000100000000)
  eden space 91136K, 0% used [0x00000000f5580000,0x00000000f5580000,0x00000000fae80000)
  from space 36352K, 6% used [0x00000000fd600000,0x00000000fd82e080,0x00000000ff980000)
  to   space 38400K, 0% used [0x00000000fae80000,0x00000000fae80000,0x00000000fd400000)
 ParOldGen       total 172032K, used 105734K [0x00000000e0000000, 0x00000000ea800000, 0x00000000f5580000)
  object space 172032K, 61% used [0x00000000e0000000,0x00000000e6741ad0,0x00000000ea800000)
 Metaspace       used 12731K, capacity 13354K, committed 13568K, reserved 1060864K
  class space    used 1549K, capacity 1707K, committed 1792K, reserved 1048576K
}
Event: 32,022 GC heap before
{Heap before GC invocations=19 (full 0):
 PSYoungGen      total 127488K, used 93368K [0x00000000f5580000, 0x00000000ff980000, 0x0000000100000000)
  eden space 91136K, 100% used [0x00000000f5580000,0x00000000fae80000,0x00000000fae80000)
  from space 36352K, 6% used [0x00000000fd600000,0x00000000fd82e080,0x00000000ff980000)
  to   space 38400K, 0% used [0x00000000fae80000,0x00000000fae80000,0x00000000fd400000)
 ParOldGen       total 172032K, used 105734K [0x00000000e0000000, 0x00000000ea800000, 0x00000000f5580000)
  object space 172032K, 61% used [0x00000000e0000000,0x00000000e6741ad0,0x00000000ea800000)
 Metaspace       used 13491K, capacity 14122K, committed 14336K, reserved 1062912K
  class space    used 1596K, capacity 1771K, committed 1792K, reserved 1048576K
Event: 32,098 GC heap after
Heap after GC invocations=19 (full 0):
 PSYoungGen      total 129536K, used 16570K [0x00000000f5580000, 0x0000000100000000, 0x0000000100000000)
  eden space 91136K, 0% used [0x00000000f5580000,0x00000000f5580000,0x00000000fae80000)
  from space 38400K, 43% used [0x00000000fae80000,0x00000000fbeae900,0x00000000fd400000)
  to   space 38912K, 0% used [0x00000000fda00000,0x00000000fda00000,0x0000000100000000)
 ParOldGen       total 172032K, used 107586K [0x00000000e0000000, 0x00000000ea800000, 0x00000000f5580000)
  object space 172032K, 62% used [0x00000000e0000000,0x00000000e6910b50,0x00000000ea800000)
 Metaspace       used 13491K, capacity 14122K, committed 14336K, reserved 1062912K
  class space    used 1596K, capacity 1771K, committed 1792K, reserved 1048576K
}
Event: 33,941 GC heap before
{Heap before GC invocations=20 (full 0):
 PSYoungGen      total 129536K, used 107706K [0x00000000f5580000, 0x0000000100000000, 0x0000000100000000)
  eden space 91136K, 100% used [0x00000000f5580000,0x00000000fae80000,0x00000000fae80000)
  from space 38400K, 43% used [0x00000000fae80000,0x00000000fbeae900,0x00000000fd400000)
  to   space 38912K, 0% used [0x00000000fda00000,0x00000000fda00000,0x0000000100000000)
 ParOldGen       total 172032K, used 107586K [0x00000000e0000000, 0x00000000ea800000, 0x00000000f5580000)
  object space 172032K, 62% used [0x00000000e0000000,0x00000000e6910b50,0x00000000ea800000)
 Metaspace       used 13875K, capacity 14538K, committed 14720K, reserved 1062912K
  class space    used 1640K, capacity 1803K, committed 1920K, reserved 1048576K
Event: 34,047 GC heap after
Heap after GC invocations=20 (full 0):
 PSYoungGen      total 132608K, used 2128K [0x00000000f5580000, 0x00000000ffc80000, 0x0000000100000000)
  eden space 97280K, 0% used [0x00000000f5580000,0x00000000f5580000,0x00000000fb480000)
  from space 35328K, 6% used [0x00000000fda00000,0x00000000fdc14020,0x00000000ffc80000)
  to   space 36864K, 0% used [0x00000000fb480000,0x00000000fb480000,0x00000000fd880000)
 ParOldGen       total 172032K, used 123163K [0x00000000e0000000, 0x00000000ea800000, 0x00000000f5580000)
  object space 172032K, 71% used [0x00000000e0000000,0x00000000e7846e08,0x00000000ea800000)
 Metaspace       used 13875K, capacity 14538K, committed 14720K, reserved 1062912K
  class space    used 1640K, capacity 1803K, committed 1920K, reserved 1048576K
}
Event: 35,310 GC heap before
{Heap before GC invocations=21 (full 0):
 PSYoungGen      total 132608K, used 99408K [0x00000000f5580000, 0x00000000ffc80000, 0x0000000100000000)
  eden space 97280K, 100% used [0x00000000f5580000,0x00000000fb480000,0x00000000fb480000)
  from space 35328K, 6% used [0x00000000fda00000,0x00000000fdc14020,0x00000000ffc80000)
  to   space 36864K, 0% used [0x00000000fb480000,0x00000000fb480000,0x00000000fd880000)
 ParOldGen       total 172032K, used 123163K [0x00000000e0000000, 0x00000000ea800000, 0x00000000f5580000)
  object space 172032K, 71% used [0x00000000e0000000,0x00000000e7846e08,0x00000000ea800000)
 Metaspace       used 13883K, capacity 14538K, committed 14720K, reserved 1062912K
  class space    used 1640K, capacity 1803K, committed 1920K, reserved 1048576K
Event: 35,349 GC heap after
Heap after GC invocations=21 (full 0):
 PSYoungGen      total 134144K, used 448K [0x00000000f5580000, 0x00000000ffe80000, 0x0000000100000000)
  eden space 97280K, 0% used [0x00000000f5580000,0x00000000f5580000,0x00000000fb480000)
  from space 36864K, 1% used [0x00000000fb480000,0x00000000fb4f0000,0x00000000fd880000)
  to   space 35328K, 0% used [0x00000000fdc00000,0x00000000fdc00000,0x00000000ffe80000)
 ParOldGen       total 172032K, used 124987K [0x00000000e0000000, 0x00000000ea800000, 0x00000000f5580000)
  object space 172032K, 72% used [0x00000000e0000000,0x00000000e7a0ee48,0x00000000ea800000)
 Metaspace       used 13883K, capacity 14538K, committed 14720K, reserved 1062912K
  class space    used 1640K, capacity 1803K, committed 1920K, reserved 1048576K
}

Deoptimization events (10 events):
Event: 32,890 Thread 0x00007f7b2800e000 Uncommon trap: reason=class_check action=maybe_recompile pc=0x00007f7b196ada54 method=com.google.gwt.dev.js.ast.JsVisitor.doAcceptList(Ljava/util/List;)V @ 1
Event: 33,845 Thread 0x00007f7b2800e000 Uncommon trap: reason=unstable_if action=reinterpret pc=0x00007f7b19b615d0 method=com.google.gwt.dev.js.JsInliner$InliningVisitor.endVisit(Lcom/google/gwt/dev/js/ast/JsInvocation;Lcom/google/gwt/dev/js/ast/JsContext;)V @ 72
Event: 33,917 Thread 0x00007f7b2800e000 Uncommon trap: reason=unstable_if action=reinterpret pc=0x00007f7b19ec989c method=com.google.gwt.dev.js.JsStaticEval$StaticEvalVisitor.endVisit(Lcom/google/gwt/dev/js/ast/JsBlock;Lcom/google/gwt/dev/js/ast/JsContext;)V @ 106
Event: 33,923 Thread 0x00007f7b2800e000 Uncommon trap: reason=unstable_if action=reinterpret pc=0x00007f7b19ecf85c method=com.google.gwt.dev.js.JsStaticEval$StaticEvalVisitor.endVisit(Lcom/google/gwt/dev/js/ast/JsBinaryOperation;Lcom/google/gwt/dev/js/ast/JsContext;)V @ 127
Event: 33,938 Thread 0x00007f7b2800e000 Uncommon trap: reason=unstable_if action=reinterpret pc=0x00007f7b19701168 method=java.util.HashMap.hash(Ljava/lang/Object;)I @ 1
Event: 34,196 Thread 0x00007f7b2800e000 Uncommon trap: reason=unstable_if action=reinterpret pc=0x00007f7b19ef3e40 method=com.google.gwt.dev.js.JsInliner$InliningVisitor.process(Lcom/google/gwt/dev/js/ast/JsInvocation;Lcom/google/gwt/dev/js/ast/JsFunction;Lcom/google/gwt/dev/js/ast/JsFunction;)
Event: 35,352 Thread 0x00007f7b2800e000 Uncommon trap: reason=unstable_if action=reinterpret pc=0x00007f7b19c31b8c method=com.google.gwt.dev.js.ast.JsFor.traverse(Lcom/google/gwt/dev/js/ast/JsVisitor;Lcom/google/gwt/dev/js/ast/JsContext;)V @ 6
Event: 35,352 Thread 0x00007f7b2800e000 Uncommon trap: reason=unstable_if action=reinterpret pc=0x00007f7b19eadc60 method=com.google.gwt.dev.js.ast.JsIf.traverse(Lcom/google/gwt/dev/js/ast/JsVisitor;Lcom/google/gwt/dev/js/ast/JsContext;)V @ 6
Event: 35,352 Thread 0x00007f7b2800e000 Uncommon trap: reason=unstable_if action=reinterpret pc=0x00007f7b19ede3d0 method=com.google.gwt.dev.js.ast.JsConditional.traverse(Lcom/google/gwt/dev/js/ast/JsVisitor;Lcom/google/gwt/dev/js/ast/JsContext;)V @ 6
Event: 35,365 Thread 0x00007f7b2800e000 Uncommon trap: reason=unstable_if action=reinterpret pc=0x00007f7b19e95058 method=com.google.gwt.dev.js.ast.JsExprStmt.traverse(Lcom/google/gwt/dev/js/ast/JsVisitor;Lcom/google/gwt/dev/js/ast/JsContext;)V @ 6

Internal exceptions (10 events):
Event: 25,309 Thread 0x00007f7b2800e000 Implicit null exception at 0x00007f7b19c62853 to 0x00007f7b19c629f1
Event: 27,774 Thread 0x00007f7b2800e000 Implicit null exception at 0x00007f7b192fbec3 to 0x00007f7b192fcd6d
Event: 31,349 Thread 0x00007f7b2800e000 Implicit null exception at 0x00007f7b1970f3b5 to 0x00007f7b1970f5f1
Event: 31,354 Thread 0x00007f7b2800e000 Implicit null exception at 0x00007f7b1940662f to 0x00007f7b19406699
Event: 32,155 Thread 0x00007f7b2800e000 Implicit null exception at 0x00007f7b197b28e9 to 0x00007f7b197b3965
Event: 32,476 Thread 0x00007f7b2800e000 Implicit null exception at 0x00007f7b19651ef9 to 0x00007f7b196526bd
Event: 32,479 Thread 0x00007f7b2800e000 Implicit null exception at 0x00007f7b19710516 to 0x00007f7b19710955
Event: 32,671 Thread 0x00007f7b2800e000 Implicit null exception at 0x00007f7b19458892 to 0x00007f7b19458ad5
Event: 32,671 Thread 0x00007f7b2800e000 Implicit null exception at 0x00007f7b197ad996 to 0x00007f7b197adb71
Event: 33,938 Thread 0x00007f7b2800e000 Implicit null exception at 0x00007f7b1970091b to 0x00007f7b1970114d

Events (10 events):
Event: 35,352 Thread 0x00007f7b2800e000 DEOPT UNPACKING pc=0x00007f7b19005229 sp=0x00007f7b2fc0e940 mode 2
Event: 35,352 Thread 0x00007f7b2800e000 Uncommon trap: trap_request=0xffffff65 fr.pc=0x00007f7b19eadc60
Event: 35,352 Thread 0x00007f7b2800e000 DEOPT PACKING pc=0x00007f7b19eadc60 sp=0x00007f7b2fc0ec90
Event: 35,352 Thread 0x00007f7b2800e000 DEOPT UNPACKING pc=0x00007f7b19005229 sp=0x00007f7b2fc0ec50 mode 2
Event: 35,352 Thread 0x00007f7b2800e000 Uncommon trap: trap_request=0xffffff65 fr.pc=0x00007f7b19ede3d0
Event: 35,352 Thread 0x00007f7b2800e000 DEOPT PACKING pc=0x00007f7b19ede3d0 sp=0x00007f7b2fc0eb90
Event: 35,352 Thread 0x00007f7b2800e000 DEOPT UNPACKING pc=0x00007f7b19005229 sp=0x00007f7b2fc0eb50 mode 2
Event: 35,365 Thread 0x00007f7b2800e000 Uncommon trap: trap_request=0xffffff65 fr.pc=0x00007f7b19e95058
Event: 35,365 Thread 0x00007f7b2800e000 DEOPT PACKING pc=0x00007f7b19e95058 sp=0x00007f7b2fc0ec90
Event: 35,365 Thread 0x00007f7b2800e000 DEOPT UNPACKING pc=0x00007f7b19005229 sp=0x00007f7b2fc0ec50 mode 2


Dynamic libraries:
00400000-00401000 r-xp 00000000 08:01 1054026                            /usr/lib/jvm/java-8-oracle/jre/bin/java
00600000-00601000 rw-p 00000000 08:01 1054026                            /usr/lib/jvm/java-8-oracle/jre/bin/java
018ed000-0190e000 rw-p 00000000 00:00 0                                  [heap]
e0000000-ea800000 rw-p 00000000 00:00 0 
ea800000-f5580000 ---p 00000000 00:00 0 
f5580000-ffe80000 rw-p 00000000 00:00 0 
ffe80000-100000000 ---p 00000000 00:00 0 
100000000-1001e0000 rw-p 00000000 00:00 0 
1001e0000-140000000 ---p 00000000 00:00 0 
7f7ac8dff000-7f7ac8e7f000 rw-p 00000000 00:00 0 
7f7ac8e7f000-7f7ac8fff000 ---p 00000000 00:00 0 
7f7ac8fff000-7f7acc000000 rw-p 00000000 00:00 0 
7f7acc000000-7f7acc021000 rw-p 00000000 00:00 0 
7f7acc021000-7f7ad0000000 ---p 00000000 00:00 0 
7f7ad0000000-7f7ad0021000 rw-p 00000000 00:00 0 
7f7ad0021000-7f7ad4000000 ---p 00000000 00:00 0 
7f7ad4000000-7f7ad5d0d000 rw-p 00000000 00:00 0 
7f7ad5d0d000-7f7ad8000000 ---p 00000000 00:00 0 
7f7ad8000000-7f7ad892b000 rw-p 00000000 00:00 0 
7f7ad892b000-7f7adc000000 ---p 00000000 00:00 0 
7f7adc000000-7f7addb2e000 rw-p 00000000 00:00 0 
7f7addb2e000-7f7ae0000000 ---p 00000000 00:00 0 
7f7ae0000000-7f7ae1ef3000 rw-p 00000000 00:00 0 
7f7ae1ef3000-7f7ae4000000 ---p 00000000 00:00 0 
7f7ae4000000-7f7ae4021000 rw-p 00000000 00:00 0 
7f7ae4021000-7f7ae8000000 ---p 00000000 00:00 0 
7f7ae8000000-7f7ae8021000 rw-p 00000000 00:00 0 
7f7ae8021000-7f7aec000000 ---p 00000000 00:00 0 
7f7aec000000-7f7aec021000 rw-p 00000000 00:00 0 
7f7aec021000-7f7af0000000 ---p 00000000 00:00 0 
7f7af0000000-7f7af0021000 rw-p 00000000 00:00 0 
7f7af0021000-7f7af4000000 ---p 00000000 00:00 0 
7f7af4000000-7f7af4021000 rw-p 00000000 00:00 0 
7f7af4021000-7f7af8000000 ---p 00000000 00:00 0 
7f7af8000000-7f7af8021000 rw-p 00000000 00:00 0 
7f7af8021000-7f7afc000000 ---p 00000000 00:00 0 
7f7afc000000-7f7afc021000 rw-p 00000000 00:00 0 
7f7afc021000-7f7b00000000 ---p 00000000 00:00 0 
7f7b00000000-7f7b00021000 rw-p 00000000 00:00 0 
7f7b00021000-7f7b04000000 ---p 00000000 00:00 0 
7f7b04000000-7f7b04021000 rw-p 00000000 00:00 0 
7f7b04021000-7f7b08000000 ---p 00000000 00:00 0 
7f7b08000000-7f7b08021000 rw-p 00000000 00:00 0 
7f7b08021000-7f7b0c000000 ---p 00000000 00:00 0 
7f7b0c000000-7f7b0c021000 rw-p 00000000 00:00 0 
7f7b0c021000-7f7b10000000 ---p 00000000 00:00 0 
7f7b100b6000-7f7b102b6000 rw-p 00000000 00:00 0 
7f7b102b6000-7f7b102c4000 r--s 00081000 08:06 38147261                   /home/gologuzov/.m2/repository/colt/colt/1.2.0/colt-1.2.0.jar
7f7b102c4000-7f7b102ca000 r--s 00033000 08:06 38147260                   /home/gologuzov/.m2/repository/com/google/code/gson/gson/2.6.2/gson-2.6.2.jar
7f7b102ca000-7f7b104ca000 rw-p 00000000 00:00 0 
7f7b104ca000-7f7b104e0000 r-xp 00000000 08:01 1053742                    /usr/lib/jvm/java-8-oracle/jre/lib/amd64/libnet.so
7f7b104e0000-7f7b106e0000 ---p 00016000 08:01 1053742                    /usr/lib/jvm/java-8-oracle/jre/lib/amd64/libnet.so
7f7b106e0000-7f7b106e1000 rw-p 00016000 08:01 1053742                    /usr/lib/jvm/java-8-oracle/jre/lib/amd64/libnet.so
7f7b106e1000-7f7b107a6000 r--s 00d2f000 08:06 38147218                   /home/gologuzov/.m2/repository/com/google/gwt/gwt-dev/2.8.1/gwt-dev-2.8.1.jar
7f7b107a6000-7f7b107d4000 rw-p 00000000 00:00 0 
7f7b107d4000-7f7b10906000 r--s 00e53000 08:06 38147194                   /home/gologuzov/.m2/repository/com/google/gwt/gwt-user/2.8.1/gwt-user-2.8.1.jar
7f7b10906000-7f7b10907000 ---p 00000000 00:00 0 
7f7b10907000-7f7b10a07000 rw-p 00000000 00:00 0 
7f7b10a07000-7f7b10a0a000 ---p 00000000 00:00 0 
7f7b10a0a000-7f7b10b08000 rw-p 00000000 00:00 0 
7f7b10b08000-7f7b10b0b000 ---p 00000000 00:00 0 
7f7b10b0b000-7f7b10c09000 rw-p 00000000 00:00 0 
7f7b10c09000-7f7b10c0c000 ---p 00000000 00:00 0 
7f7b10c0c000-7f7b10d0a000 rw-p 00000000 00:00 0 
7f7b10d0a000-7f7b10d0d000 ---p 00000000 00:00 0 
7f7b10d0d000-7f7b10e0b000 rw-p 00000000 00:00 0 
7f7b10e0b000-7f7b10e0e000 ---p 00000000 00:00 0 
7f7b10e0e000-7f7b10f0c000 rw-p 00000000 00:00 0 
7f7b10f0c000-7f7b10f0f000 ---p 00000000 00:00 0 
7f7b10f0f000-7f7b1100d000 rw-p 00000000 00:00 0 
7f7b1100d000-7f7b11461000 r--p 00000000 08:01 6033191                    /usr/lib/locale/locale-archive
7f7b11461000-7f7b11464000 ---p 00000000 00:00 0 
7f7b11464000-7f7b11562000 rw-p 00000000 00:00 0 
7f7b11562000-7f7b11565000 ---p 00000000 00:00 0 
7f7b11565000-7f7b11663000 rw-p 00000000 00:00 0 
7f7b11663000-7f7b11664000 ---p 00000000 00:00 0 
7f7b11664000-7f7b14000000 rw-p 00000000 00:00 0 
7f7b14000000-7f7b14021000 rw-p 00000000 00:00 0 
7f7b14021000-7f7b18000000 ---p 00000000 00:00 0 
7f7b18002000-7f7b18007000 r--s 0009a000 08:01 1053686                    /usr/lib/jvm/java-8-oracle/jre/lib/jsse.jar
7f7b18007000-7f7b183af000 rw-p 00000000 00:00 0 
7f7b183af000-7f7b18589000 r--s 03d4d000 08:01 1053734                    /usr/lib/jvm/java-8-oracle/jre/lib/rt.jar
7f7b18589000-7f7b18eff000 rw-p 00000000 00:00 0 
7f7b18eff000-7f7b18f00000 ---p 00000000 00:00 0 
7f7b18f00000-7f7b19000000 rw-p 00000000 00:00 0 
7f7b19000000-7f7b19f20000 rwxp 00000000 00:00 0 
7f7b19f20000-7f7b28000000 ---p 00000000 00:00 0 
7f7b28000000-7f7b286d1000 rw-p 00000000 00:00 0 
7f7b286d1000-7f7b2c000000 ---p 00000000 00:00 0 
7f7b2c001000-7f7b2c003000 r--s 00009000 08:06 33820534                   /home/gologuzov/.m2/repository/org/ow2/asm/asm-commons/5.0.3/asm-commons-5.0.3.jar
7f7b2c003000-7f7b2c0ad000 rw-p 00000000 00:00 0 
7f7b2c0ad000-7f7b2c0ae000 ---p 00000000 00:00 0 
7f7b2c0ae000-7f7b2c1ae000 rw-p 00000000 00:00 0 
7f7b2c1ae000-7f7b2c1af000 ---p 00000000 00:00 0 
7f7b2c1af000-7f7b2c2af000 rw-p 00000000 00:00 0 
7f7b2c2af000-7f7b2c2b0000 ---p 00000000 00:00 0 
7f7b2c2b0000-7f7b2c3b0000 rw-p 00000000 00:00 0 
7f7b2c3b0000-7f7b2c3b1000 ---p 00000000 00:00 0 
7f7b2c3b1000-7f7b2c4b1000 rw-p 00000000 00:00 0 
7f7b2c4b1000-7f7b2c4b2000 ---p 00000000 00:00 0 
7f7b2c4b2000-7f7b2c5b2000 rw-p 00000000 00:00 0 
7f7b2c5b2000-7f7b2c5b3000 ---p 00000000 00:00 0 
7f7b2c5b3000-7f7b2c6b3000 rw-p 00000000 00:00 0 
7f7b2c6b3000-7f7b2c6b4000 ---p 00000000 00:00 0 
7f7b2c6b4000-7f7b2c808000 rw-p 00000000 00:00 0 
7f7b2c808000-7f7b2c85e000 ---p 00000000 00:00 0 
7f7b2c85e000-7f7b2c8b4000 rw-p 00000000 00:00 0 
7f7b2c8b4000-7f7b2c8f2000 rw-p 00000000 00:00 0 
7f7b2c8f2000-7f7b2cc75000 ---p 00000000 00:00 0 
7f7b2cc75000-7f7b2cc8f000 r-xp 00000000 08:01 1053765                    /usr/lib/jvm/java-8-oracle/jre/lib/amd64/libzip.so
7f7b2cc8f000-7f7b2ce8f000 ---p 0001a000 08:01 1053765                    /usr/lib/jvm/java-8-oracle/jre/lib/amd64/libzip.so
7f7b2ce8f000-7f7b2ce90000 rw-p 0001a000 08:01 1053765                    /usr/lib/jvm/java-8-oracle/jre/lib/amd64/libzip.so
7f7b2ce90000-7f7b2ce9b000 r-xp 00000000 08:01 4853883                    /lib/x86_64-linux-gnu/libnss_files-2.23.so
7f7b2ce9b000-7f7b2d09a000 ---p 0000b000 08:01 4853883                    /lib/x86_64-linux-gnu/libnss_files-2.23.so
7f7b2d09a000-7f7b2d09b000 r--p 0000a000 08:01 4853883                    /lib/x86_64-linux-gnu/libnss_files-2.23.so
7f7b2d09b000-7f7b2d09c000 rw-p 0000b000 08:01 4853883                    /lib/x86_64-linux-gnu/libnss_files-2.23.so
7f7b2d09c000-7f7b2d0a2000 rw-p 00000000 00:00 0 
7f7b2d0a2000-7f7b2d0ad000 r-xp 00000000 08:01 4853889                    /lib/x86_64-linux-gnu/libnss_nis-2.23.so
7f7b2d0ad000-7f7b2d2ac000 ---p 0000b000 08:01 4853889                    /lib/x86_64-linux-gnu/libnss_nis-2.23.so
7f7b2d2ac000-7f7b2d2ad000 r--p 0000a000 08:01 4853889                    /lib/x86_64-linux-gnu/libnss_nis-2.23.so
7f7b2d2ad000-7f7b2d2ae000 rw-p 0000b000 08:01 4853889                    /lib/x86_64-linux-gnu/libnss_nis-2.23.so
7f7b2d2ae000-7f7b2d2c4000 r-xp 00000000 08:01 4853814                    /lib/x86_64-linux-gnu/libnsl-2.23.so
7f7b2d2c4000-7f7b2d4c3000 ---p 00016000 08:01 4853814                    /lib/x86_64-linux-gnu/libnsl-2.23.so
7f7b2d4c3000-7f7b2d4c4000 r--p 00015000 08:01 4853814                    /lib/x86_64-linux-gnu/libnsl-2.23.so
7f7b2d4c4000-7f7b2d4c5000 rw-p 00016000 08:01 4853814                    /lib/x86_64-linux-gnu/libnsl-2.23.so
7f7b2d4c5000-7f7b2d4c7000 rw-p 00000000 00:00 0 
7f7b2d4c7000-7f7b2d4cf000 r-xp 00000000 08:01 4853914                    /lib/x86_64-linux-gnu/libnss_compat-2.23.so
7f7b2d4cf000-7f7b2d6ce000 ---p 00008000 08:01 4853914                    /lib/x86_64-linux-gnu/libnss_compat-2.23.so
7f7b2d6ce000-7f7b2d6cf000 r--p 00007000 08:01 4853914                    /lib/x86_64-linux-gnu/libnss_compat-2.23.so
7f7b2d6cf000-7f7b2d6d0000 rw-p 00008000 08:01 4853914                    /lib/x86_64-linux-gnu/libnss_compat-2.23.so
7f7b2d6d0000-7f7b2d6fb000 r-xp 00000000 08:01 1053792                    /usr/lib/jvm/java-8-oracle/jre/lib/amd64/libjava.so
7f7b2d6fb000-7f7b2d8fa000 ---p 0002b000 08:01 1053792                    /usr/lib/jvm/java-8-oracle/jre/lib/amd64/libjava.so
7f7b2d8fa000-7f7b2d8fc000 rw-p 0002a000 08:01 1053792                    /usr/lib/jvm/java-8-oracle/jre/lib/amd64/libjava.so
7f7b2d8fc000-7f7b2d909000 r-xp 00000000 08:01 1053743                    /usr/lib/jvm/java-8-oracle/jre/lib/amd64/libverify.so
7f7b2d909000-7f7b2db09000 ---p 0000d000 08:01 1053743                    /usr/lib/jvm/java-8-oracle/jre/lib/amd64/libverify.so
7f7b2db09000-7f7b2db0b000 rw-p 0000d000 08:01 1053743                    /usr/lib/jvm/java-8-oracle/jre/lib/amd64/libverify.so
7f7b2db0b000-7f7b2db12000 r-xp 00000000 08:01 4853904                    /lib/x86_64-linux-gnu/librt-2.23.so
7f7b2db12000-7f7b2dd11000 ---p 00007000 08:01 4853904                    /lib/x86_64-linux-gnu/librt-2.23.so
7f7b2dd11000-7f7b2dd12000 r--p 00006000 08:01 4853904                    /lib/x86_64-linux-gnu/librt-2.23.so
7f7b2dd12000-7f7b2dd13000 rw-p 00007000 08:01 4853904                    /lib/x86_64-linux-gnu/librt-2.23.so
7f7b2dd13000-7f7b2de1b000 r-xp 00000000 08:01 4853967                    /lib/x86_64-linux-gnu/libm-2.23.so
7f7b2de1b000-7f7b2e01a000 ---p 00108000 08:01 4853967                    /lib/x86_64-linux-gnu/libm-2.23.so
7f7b2e01a000-7f7b2e01b000 r--p 00107000 08:01 4853967                    /lib/x86_64-linux-gnu/libm-2.23.so
7f7b2e01b000-7f7b2e01c000 rw-p 00108000 08:01 4853967                    /lib/x86_64-linux-gnu/libm-2.23.so
7f7b2e01c000-7f7b2ecef000 r-xp 00000000 08:01 1053796                    /usr/lib/jvm/java-8-oracle/jre/lib/amd64/server/libjvm.so
7f7b2ecef000-7f7b2eeee000 ---p 00cd3000 08:01 1053796                    /usr/lib/jvm/java-8-oracle/jre/lib/amd64/server/libjvm.so
7f7b2eeee000-7f7b2efc8000 rw-p 00cd2000 08:01 1053796                    /usr/lib/jvm/java-8-oracle/jre/lib/amd64/server/libjvm.so
7f7b2efc8000-7f7b2f013000 rw-p 00000000 00:00 0 
7f7b2f013000-7f7b2f1d3000 r-xp 00000000 08:01 4854025                    /lib/x86_64-linux-gnu/libc-2.23.so
7f7b2f1d3000-7f7b2f3d3000 ---p 001c0000 08:01 4854025                    /lib/x86_64-linux-gnu/libc-2.23.so
7f7b2f3d3000-7f7b2f3d7000 r--p 001c0000 08:01 4854025                    /lib/x86_64-linux-gnu/libc-2.23.so
7f7b2f3d7000-7f7b2f3d9000 rw-p 001c4000 08:01 4854025                    /lib/x86_64-linux-gnu/libc-2.23.so
7f7b2f3d9000-7f7b2f3dd000 rw-p 00000000 00:00 0 
7f7b2f3dd000-7f7b2f3e0000 r-xp 00000000 08:01 4853912                    /lib/x86_64-linux-gnu/libdl-2.23.so
7f7b2f3e0000-7f7b2f5df000 ---p 00003000 08:01 4853912                    /lib/x86_64-linux-gnu/libdl-2.23.so
7f7b2f5df000-7f7b2f5e0000 r--p 00002000 08:01 4853912                    /lib/x86_64-linux-gnu/libdl-2.23.so
7f7b2f5e0000-7f7b2f5e1000 rw-p 00003000 08:01 4853912                    /lib/x86_64-linux-gnu/libdl-2.23.so
7f7b2f5e1000-7f7b2f5f6000 r-xp 00000000 08:01 1053781                    /usr/lib/jvm/java-8-oracle/jre/lib/amd64/jli/libjli.so
7f7b2f5f6000-7f7b2f7f6000 ---p 00015000 08:01 1053781                    /usr/lib/jvm/java-8-oracle/jre/lib/amd64/jli/libjli.so
7f7b2f7f6000-7f7b2f7f7000 rw-p 00015000 08:01 1053781                    /usr/lib/jvm/java-8-oracle/jre/lib/amd64/jli/libjli.so
7f7b2f7f7000-7f7b2f80f000 r-xp 00000000 08:01 4853887                    /lib/x86_64-linux-gnu/libpthread-2.23.so
7f7b2f80f000-7f7b2fa0e000 ---p 00018000 08:01 4853887                    /lib/x86_64-linux-gnu/libpthread-2.23.so
7f7b2fa0e000-7f7b2fa0f000 r--p 00017000 08:01 4853887                    /lib/x86_64-linux-gnu/libpthread-2.23.so
7f7b2fa0f000-7f7b2fa10000 rw-p 00018000 08:01 4853887                    /lib/x86_64-linux-gnu/libpthread-2.23.so
7f7b2fa10000-7f7b2fa14000 rw-p 00000000 00:00 0 
7f7b2fa14000-7f7b2fa3a000 r-xp 00000000 08:01 4853815                    /lib/x86_64-linux-gnu/ld-2.23.so
7f7b2fa3b000-7f7b2fa3d000 r--s 00006000 08:06 33688254                   /home/gologuzov/.m2/repository/org/ow2/asm/asm-tree/5.0.3/asm-tree-5.0.3.jar
7f7b2fa3d000-7f7b2fab9000 rw-p 00000000 00:00 0 
7f7b2fab9000-7f7b2fb10000 ---p 00000000 00:00 0 
7f7b2fb10000-7f7b2fb13000 ---p 00000000 00:00 0 
7f7b2fb13000-7f7b2fc15000 rw-p 00000000 00:00 0 
7f7b2fc16000-7f7b2fc17000 r--s 0000a000 08:06 33688252                   /home/gologuzov/.m2/repository/org/ow2/asm/asm-util/5.0.3/asm-util-5.0.3.jar
7f7b2fc17000-7f7b2fc18000 r--s 0000c000 08:06 39060559                   /home/gologuzov/.m2/repository/org/ow2/asm/asm/5.0.3/asm-5.0.3.jar
7f7b2fc18000-7f7b2fc19000 r--s 00003000 08:06 47055451                   /home/gologuzov/.m2/repository/org/w3c/css/sac/1.3/sac-1.3.jar
7f7b2fc19000-7f7b2fc1c000 r--s 00015000 08:06 44451214                   /home/gologuzov/.m2/repository/javax/servlet/javax.servlet-api/3.1.0/javax.servlet-api-3.1.0.jar
7f7b2fc1c000-7f7b2fc1e000 r--s 0000e000 08:06 30279116                   /home/gologuzov/.m2/repository/javax/validation/validation-api/1.0.0.GA/validation-api-1.0.0.GA-sources.jar
7f7b2fc1e000-7f7b2fc21000 r--s 00009000 08:06 30279095                   /home/gologuzov/.m2/repository/javax/validation/validation-api/1.0.0.GA/validation-api-1.0.0.GA.jar
7f7b2fc21000-7f7b2fc22000 r--s 00002000 08:06 38147216                   /home/gologuzov/.m2/repository/com/google/jsinterop/jsinterop-annotations/1.0.1/jsinterop-annotations-1.0.1-sources.jar
7f7b2fc22000-7f7b2fc23000 r--s 00000000 08:06 38147213                   /home/gologuzov/.m2/repository/com/google/jsinterop/jsinterop-annotations/1.0.1/jsinterop-annotations-1.0.1.jar
7f7b2fc23000-7f7b2fc2d000 rw-p 00000000 00:00 0 
7f7b2fc2d000-7f7b2fc35000 rw-s 00000000 08:01 3678260                    /tmp/hsperfdata_gologuzov/28202
7f7b2fc35000-7f7b2fc36000 rw-p 00000000 00:00 0 
7f7b2fc36000-7f7b2fc37000 r--p 00000000 00:00 0 
7f7b2fc37000-7f7b2fc39000 rw-p 00000000 00:00 0 
7f7b2fc39000-7f7b2fc3a000 r--p 00025000 08:01 4853815                    /lib/x86_64-linux-gnu/ld-2.23.so
7f7b2fc3a000-7f7b2fc3b000 rw-p 00026000 08:01 4853815                    /lib/x86_64-linux-gnu/ld-2.23.so
7f7b2fc3b000-7f7b2fc3c000 rw-p 00000000 00:00 0 
7ffe0f19d000-7ffe0f1c2000 rw-p 00000000 00:00 0                          [stack]
7ffe0f1c3000-7ffe0f1c5000 r--p 00000000 00:00 0                          [vvar]
7ffe0f1c5000-7ffe0f1c7000 r-xp 00000000 00:00 0                          [vdso]
ffffffffff600000-ffffffffff601000 r-xp 00000000 00:00 0                  [vsyscall]

VM Arguments:
jvm_args: -Xmx512m 
java_command: com.google.gwt.dev.CompilePermsServer -host localhost -port 44906 -logLevel INFO -cookie B7F176F16A62A8D155B915C1C4A85B33
java_class_path (initial): /home/gologuzov/work/Customers/Joebotics/simmer-maven/target/simmer-1/WEB-INF/classes:/home/gologuzov/work/Customers/Joebotics/simmer-maven/src/main/java:/home/gologuzov/work/Customers/Joebotics/simmer-maven/target/generated-sources/gwt:/home/gologuzov/.m2/repository/com/google/gwt/gwt-user/2.8.1/gwt-user-2.8.1.jar:/home/gologuzov/.m2/repository/com/google/jsinterop/jsinterop-annotations/1.0.1/jsinterop-annotations-1.0.1.jar:/home/gologuzov/.m2/repository/com/google/jsinterop/jsinterop-annotations/1.0.1/jsinterop-annotations-1.0.1-sources.jar:/home/gologuzov/.m2/repository/javax/validation/validation-api/1.0.0.GA/validation-api-1.0.0.GA.jar:/home/gologuzov/.m2/repository/javax/validation/validation-api/1.0.0.GA/validation-api-1.0.0.GA-sources.jar:/home/gologuzov/.m2/repository/javax/servlet/javax.servlet-api/3.1.0/javax.servlet-api-3.1.0.jar:/home/gologuzov/.m2/repository/org/w3c/css/sac/1.3/sac-1.3.jar:/home/gologuzov/.m2/repository/com/google/gwt/gwt-dev/2.8.1/gwt-dev-2.8.1.jar:/home/gologuzov/.m2/repository/com/google/code/gson/gson/2.6.2/gson-2.6.2.jar:/home/gologuzov/.m2/repository/org/ow2/asm/asm/5.0.3/asm-5.0.3.jar:/home/gologuzov/.m2/repository/org/ow2/asm/asm-util/5.0.3/asm-util-5.0.3.jar:/home/gologuzov/.m2/repository/org/ow2/asm/asm-tree/5.0.3/asm-tree-5.0.3.jar:/home/gologuzov/.m2/repository/org/ow2/asm/asm-commons/5.0.3/asm-commons-5.0.3.jar:/home/gologuzov/.m2/repository/colt/colt/1.2.0/colt-1.2.0.jar:/home/gologuzov/.m2/repository/ant/ant/1.6.5/ant-1.6.5.jar:/home/gologuzov/.m2/repository/commons-collections/commons-collections/3.2.2/commons-collections-3.2.2.jar:/home/gologuzov/.m2/repository/commons-io/commons-io/2.4/commons-io-2.4.jar:/home/gologuzov/.m2/repository/com/ibm/icu/icu4j/50.1.1/icu4j-50.1.1.jar:/home/gologuzov/.m2/repository/tapestry/tapestry/4.0.2/tapestry-4.0.2.jar:/home/gologuzov/.m2/repository/net/sourceforge/htmlunit/htmlunit/2.19/htmlunit-2.19.jar:/home/gologuzov/.m2/repository/xalan/xalan/2.7.2/xalan-
Launcher Type: SUN_STANDARD

Environment Variables:
JAVA_HOME=/usr/lib/jvm/java-8-oracle
PATH=/usr/local/heroku/bin:/home/gologuzov/.sdkman/candidates/groovy/current/bin:/home/gologuzov/.sdkman/candidates/grails/current/bin:/home/gologuzov/.sdkman/candidates/gradle/current/bin:/usr/local/sbin:/usr/local/bin:/usr/sbin:/usr/bin:/sbin:/bin:/usr/games:/usr/local/games:/snap/bin:/usr/lib/jvm/java-8-oracle/bin:/usr/lib/jvm/java-8-oracle/db/bin:/usr/lib/jvm/java-8-oracle/jre/bin
SHELL=/bin/bash
DISPLAY=:0

Signal Handlers:
SIGSEGV: [libjvm.so+0xacba10], sa_mask[0]=11111111011111111101111111111110, sa_flags=SA_RESTART|SA_SIGINFO
SIGBUS: [libjvm.so+0xacba10], sa_mask[0]=11111111011111111101111111111110, sa_flags=SA_RESTART|SA_SIGINFO
SIGFPE: [libjvm.so+0x924ba0], sa_mask[0]=11111111011111111101111111111110, sa_flags=SA_RESTART|SA_SIGINFO
SIGPIPE: [libjvm.so+0x924ba0], sa_mask[0]=11111111011111111101111111111110, sa_flags=SA_RESTART|SA_SIGINFO
SIGXFSZ: [libjvm.so+0x924ba0], sa_mask[0]=11111111011111111101111111111110, sa_flags=SA_RESTART|SA_SIGINFO
SIGILL: [libjvm.so+0x924ba0], sa_mask[0]=11111111011111111101111111111110, sa_flags=SA_RESTART|SA_SIGINFO
SIGUSR1: SIG_DFL, sa_mask[0]=00000000000000000000000000000000, sa_flags=none
SIGUSR2: [libjvm.so+0x9263e0], sa_mask[0]=00100000000000000000000000000000, sa_flags=SA_RESTART|SA_SIGINFO
SIGHUP: [libjvm.so+0x9277e0], sa_mask[0]=11111111011111111101111111111110, sa_flags=SA_RESTART|SA_SIGINFO
SIGINT: [libjvm.so+0x9277e0], sa_mask[0]=11111111011111111101111111111110, sa_flags=SA_RESTART|SA_SIGINFO
SIGTERM: [libjvm.so+0x9277e0], sa_mask[0]=11111111011111111101111111111110, sa_flags=SA_RESTART|SA_SIGINFO
SIGQUIT: [libjvm.so+0x9277e0], sa_mask[0]=11111111011111111101111111111110, sa_flags=SA_RESTART|SA_SIGINFO


---------------  S Y S T E M  ---------------

OS:DISTRIB_ID=Ubuntu
DISTRIB_RELEASE=16.04
DISTRIB_CODENAME=xenial
DISTRIB_DESCRIPTION="Ubuntu 16.04.3 LTS"

uname:Linux 4.4.0-93-generic #116-Ubuntu SMP Fri Aug 11 21:17:51 UTC 2017 x86_64
libc:glibc 2.23 NPTL 2.23 
rlimit: STACK 8192k, CORE 0k, NPROC 63881, NOFILE 1048576, AS infinity
load average:9,15 4,16 3,17

/proc/meminfo:
MemTotal:       16394296 kB
MemFree:          238908 kB
MemAvailable:    1973784 kB
Buffers:          575220 kB
Cached:          2585408 kB
SwapCached:        21140 kB
Active:         13034288 kB
Inactive:        2518424 kB
Active(anon):   11839472 kB
Inactive(anon):  1795084 kB
Active(file):    1194816 kB
Inactive(file):   723340 kB
Unevictable:         296 kB
Mlocked:             296 kB
SwapTotal:       7999484 kB
SwapFree:        7095944 kB
Dirty:              2956 kB
Writeback:             0 kB
AnonPages:      12375304 kB
Mapped:          1462076 kB
Shmem:           1242768 kB
Slab:             223164 kB
SReclaimable:     143060 kB
SUnreclaim:        80104 kB
KernelStack:       27440 kB
PageTables:       123764 kB
NFS_Unstable:          0 kB
Bounce:                0 kB
WritebackTmp:          0 kB
CommitLimit:    16196632 kB
Committed_AS:   25594432 kB
VmallocTotal:   34359738367 kB
VmallocUsed:           0 kB
VmallocChunk:          0 kB
HardwareCorrupted:     0 kB
AnonHugePages:   6502400 kB
CmaTotal:              0 kB
CmaFree:               0 kB
HugePages_Total:       0
HugePages_Free:        0
HugePages_Rsvd:        0
HugePages_Surp:        0
Hugepagesize:       2048 kB
DirectMap4k:     1551560 kB
DirectMap2M:    15187968 kB


CPU:total 8 (initial active 8) (4 cores per cpu, 2 threads per core) family 6 model 58 stepping 9, cmov, cx8, fxsr, mmx, sse, sse2, sse3, ssse3, sse4.1, sse4.2, popcnt, avx, aes, clmul, erms, ht, tsc, tscinvbit, tscinv

/proc/cpuinfo:
processor	: 0
vendor_id	: GenuineIntel
cpu family	: 6
model		: 58
model name	: Intel(R) Core(TM) i7-3610QM CPU @ 2.30GHz
stepping	: 9
microcode	: 0x12
cpu MHz		: 1599.937
cache size	: 6144 KB
physical id	: 0
siblings	: 8
core id		: 0
cpu cores	: 4
apicid		: 0
initial apicid	: 0
fpu		: yes
fpu_exception	: yes
cpuid level	: 13
wp		: yes
flags		: fpu vme de pse tsc msr pae mce cx8 apic sep mtrr pge mca cmov pat pse36 clflush dts acpi mmx fxsr sse sse2 ss ht tm pbe syscall nx rdtscp lm constant_tsc arch_perfmon pebs bts rep_good nopl xtopology nonstop_tsc aperfmperf eagerfpu pni pclmulqdq dtes64 monitor ds_cpl vmx est tm2 ssse3 cx16 xtpr pdcm pcid sse4_1 sse4_2 x2apic popcnt tsc_deadline_timer aes xsave avx f16c rdrand lahf_lm epb tpr_shadow vnmi flexpriority ept vpid fsgsbase smep erms xsaveopt dtherm ida arat pln pts
bugs		:
bogomips	: 4589.25
clflush size	: 64
cache_alignment	: 64
address sizes	: 36 bits physical, 48 bits virtual
power management:

processor	: 1
vendor_id	: GenuineIntel
cpu family	: 6
model		: 58
model name	: Intel(R) Core(TM) i7-3610QM CPU @ 2.30GHz
stepping	: 9
microcode	: 0x12
cpu MHz		: 1599.937
cache size	: 6144 KB
physical id	: 0
siblings	: 8
core id		: 0
cpu cores	: 4
apicid		: 1
initial apicid	: 1
fpu		: yes
fpu_exception	: yes
cpuid level	: 13
wp		: yes
flags		: fpu vme de pse tsc msr pae mce cx8 apic sep mtrr pge mca cmov pat pse36 clflush dts acpi mmx fxsr sse sse2 ss ht tm pbe syscall nx rdtscp lm constant_tsc arch_perfmon pebs bts rep_good nopl xtopology nonstop_tsc aperfmperf eagerfpu pni pclmulqdq dtes64 monitor ds_cpl vmx est tm2 ssse3 cx16 xtpr pdcm pcid sse4_1 sse4_2 x2apic popcnt tsc_deadline_timer aes xsave avx f16c rdrand lahf_lm epb tpr_shadow vnmi flexpriority ept vpid fsgsbase smep erms xsaveopt dtherm ida arat pln pts
bugs		:
bogomips	: 4589.25
clflush size	: 64
cache_alignment	: 64
address sizes	: 36 bits physical, 48 bits virtual
power management:

processor	: 2
vendor_id	: GenuineIntel
cpu family	: 6
model		: 58
model name	: Intel(R) Core(TM) i7-3610QM CPU @ 2.30GHz
stepping	: 9
microcode	: 0x12
cpu MHz		: 1599.937
cache size	: 6144 KB
physical id	: 0
siblings	: 8
core id		: 1
cpu cores	: 4
apicid		: 2
initial apicid	: 2
fpu		: yes
fpu_exception	: yes
cpuid level	: 13
wp		: yes
flags		: fpu vme de pse tsc msr pae mce cx8 apic sep mtrr pge mca cmov pat pse36 clflush dts acpi mmx fxsr sse sse2 ss ht tm pbe syscall nx rdtscp lm constant_tsc arch_perfmon pebs bts rep_good nopl xtopology nonstop_tsc aperfmperf eagerfpu pni pclmulqdq dtes64 monitor ds_cpl vmx est tm2 ssse3 cx16 xtpr pdcm pcid sse4_1 sse4_2 x2apic popcnt tsc_deadline_timer aes xsave avx f16c rdrand lahf_lm epb tpr_shadow vnmi flexpriority ept vpid fsgsbase smep erms xsaveopt dtherm ida arat pln pts
bugs		:
bogomips	: 4589.25
clflush size	: 64
cache_alignment	: 64
address sizes	: 36 bits physical, 48 bits virtual
power management:

processor	: 3
vendor_id	: GenuineIntel
cpu family	: 6
model		: 58
model name	: Intel(R) Core(TM) i7-3610QM CPU @ 2.30GHz
stepping	: 9
microcode	: 0x12
cpu MHz		: 1599.937
cache size	: 6144 KB
physical id	: 0
siblings	: 8
core id		: 1
cpu cores	: 4
apicid		: 3
initial apicid	: 3
fpu		: yes
fpu_exception	: yes
cpuid level	: 13
wp		: yes
flags		: fpu vme de pse tsc msr pae mce cx8 apic sep mtrr pge mca cmov pat pse36 clflush dts acpi mmx fxsr sse sse2 ss ht tm pbe syscall nx rdtscp lm constant_tsc arch_perfmon pebs bts rep_good nopl xtopology nonstop_tsc aperfmperf eagerfpu pni pclmulqdq dtes64 monitor ds_cpl vmx est tm2 ssse3 cx16 xtpr pdcm pcid sse4_1 sse4_2 x2apic popcnt tsc_deadline_timer aes xsave avx f16c rdrand lahf_lm epb tpr_shadow vnmi flexpriority ept vpid fsgsbase smep erms xsaveopt dtherm ida arat pln pts
bugs		:
bogomips	: 4589.25
clflush size	: 64
cache_alignment	: 64
address sizes	: 36 bits physical, 48 bits virtual
power management:

processor	: 4
vendor_id	: GenuineIntel
cpu family	: 6
model		: 58
model name	: Intel(R) Core(TM) i7-3610QM CPU @ 2.30GHz
stepping	: 9
microcode	: 0x12
cpu MHz		: 1599.937
cache size	: 6144 KB
physical id	: 0
siblings	: 8
core id		: 2
cpu cores	: 4
apicid		: 4
initial apicid	: 4
fpu		: yes
fpu_exception	: yes
cpuid level	: 13
wp		: yes
flags		: fpu vme de pse tsc msr pae mce cx8 apic sep mtrr pge mca cmov pat pse36 clflush dts acpi mmx fxsr sse sse2 ss ht tm pbe syscall nx rdtscp lm constant_tsc arch_perfmon pebs bts rep_good nopl xtopology nonstop_tsc aperfmperf eagerfpu pni pclmulqdq dtes64 monitor ds_cpl vmx est tm2 ssse3 cx16 xtpr pdcm pcid sse4_1 sse4_2 x2apic popcnt tsc_deadline_timer aes xsave avx f16c rdrand lahf_lm epb tpr_shadow vnmi flexpriority ept vpid fsgsbase smep erms xsaveopt dtherm ida arat pln pts
bugs		:
bogomips	: 4589.25
clflush size	: 64
cache_alignment	: 64
address sizes	: 36 bits physical, 48 bits virtual
power management:

processor	: 5
vendor_id	: GenuineIntel
cpu family	: 6
model		: 58
model name	: Intel(R) Core(TM) i7-3610QM CPU @ 2.30GHz
stepping	: 9
microcode	: 0x12
cpu MHz		: 1599.937
cache size	: 6144 KB
physical id	: 0
siblings	: 8
core id		: 2
cpu cores	: 4
apicid		: 5
initial apicid	: 5
fpu		: yes
fpu_exception	: yes
cpuid level	: 13
wp		: yes
flags		: fpu vme de pse tsc msr pae mce cx8 apic sep mtrr pge mca cmov pat pse36 clflush dts acpi mmx fxsr sse sse2 ss ht tm pbe syscall nx rdtscp lm constant_tsc arch_perfmon pebs bts rep_good nopl xtopology nonstop_tsc aperfmperf eagerfpu pni pclmulqdq dtes64 monitor ds_cpl vmx est tm2 ssse3 cx16 xtpr pdcm pcid sse4_1 sse4_2 x2apic popcnt tsc_deadline_timer aes xsave avx f16c rdrand lahf_lm epb tpr_shadow vnmi flexpriority ept vpid fsgsbase smep erms xsaveopt dtherm ida arat pln pts
bugs		:
bogomips	: 4589.25
clflush size	: 64
cache_alignment	: 64
address sizes	: 36 bits physical, 48 bits virtual
power management:

processor	: 6
vendor_id	: GenuineIntel
cpu family	: 6
model		: 58
model name	: Intel(R) Core(TM) i7-3610QM CPU @ 2.30GHz
stepping	: 9
microcode	: 0x12
cpu MHz		: 1599.937
cache size	: 6144 KB
physical id	: 0
siblings	: 8
core id		: 3
cpu cores	: 4
apicid		: 6
initial apicid	: 6
fpu		: yes
fpu_exception	: yes
cpuid level	: 13
wp		: yes
flags		: fpu vme de pse tsc msr pae mce cx8 apic sep mtrr pge mca cmov pat pse36 clflush dts acpi mmx fxsr sse sse2 ss ht tm pbe syscall nx rdtscp lm constant_tsc arch_perfmon pebs bts rep_good nopl xtopology nonstop_tsc aperfmperf eagerfpu pni pclmulqdq dtes64 monitor ds_cpl vmx est tm2 ssse3 cx16 xtpr pdcm pcid sse4_1 sse4_2 x2apic popcnt tsc_deadline_timer aes xsave avx f16c rdrand lahf_lm epb tpr_shadow vnmi flexpriority ept vpid fsgsbase smep erms xsaveopt dtherm ida arat pln pts
bugs		:
bogomips	: 4589.25
clflush size	: 64
cache_alignment	: 64
address sizes	: 36 bits physical, 48 bits virtual
power management:

processor	: 7
vendor_id	: GenuineIntel
cpu family	: 6
model		: 58
model name	: Intel(R) Core(TM) i7-3610QM CPU @ 2.30GHz
stepping	: 9
microcode	: 0x12
cpu MHz		: 1599.937
cache size	: 6144 KB
physical id	: 0
siblings	: 8
core id		: 3
cpu cores	: 4
apicid		: 7
initial apicid	: 7
fpu		: yes
fpu_exception	: yes
cpuid level	: 13
wp		: yes
flags		: fpu vme de pse tsc msr pae mce cx8 apic sep mtrr pge mca cmov pat pse36 clflush dts acpi mmx fxsr sse sse2 ss ht tm pbe syscall nx rdtscp lm constant_tsc arch_perfmon pebs bts rep_good nopl xtopology nonstop_tsc aperfmperf eagerfpu pni pclmulqdq dtes64 monitor ds_cpl vmx est tm2 ssse3 cx16 xtpr pdcm pcid sse4_1 sse4_2 x2apic popcnt tsc_deadline_timer aes xsave avx f16c rdrand lahf_lm epb tpr_shadow vnmi flexpriority ept vpid fsgsbase smep erms xsaveopt dtherm ida arat pln pts
bugs		:
bogomips	: 4589.25
clflush size	: 64
cache_alignment	: 64
address sizes	: 36 bits physical, 48 bits virtual
power management:



Memory: 4k page, physical 16394296k(238248k free), swap 7999484k(7095944k free)

vm_info: Java HotSpot(TM) 64-Bit Server VM (25.144-b01) for linux-amd64 JRE (1.8.0_144-b01), built on Jul 21 2017 21:57:33 by "java_re" with gcc 4.3.0 20080428 (Red Hat 4.3.0-8)

time: Thu Sep 14 11:41:48 2017
elapsed time: 35 seconds (0d 0h 0m 35s)

